        -:    0:Source:cardtest3.c
        -:    0:Graph:cardtest3.gcno
        -:    0:Data:cardtest3.gcda
        -:    0:Runs:1
        -:    0:Programs:1
        -:    1:#include "dominion.h"
        -:    2:#include "dominion_helpers.h"
        -:    3:#include "string.h"
        -:    4:#include <stdio.h>
        -:    5:#include "rngs.h"
        -:    6:#include <stdlib.h>
        -:    7:
        1:    8:void testGreatHallCard()
        -:    9:{
        1:   10:    int numOfPlayers = 2; 
        1:   11:    int extraActions = 0;
        1:   12:    int handpos = 0, choice1 = 0, choice2 = 0, choice3 = 0, bonus = 0;
        1:   13:    int randomSeed = 100;
        1:   14:    int thisPlayer = 0;
        1:   15:    int k[10] = {adventurer, gardens, embargo, village, minion, mine, cutpurse,
        -:   16:                 sea_hag, tribute, smithy};
        -:   17:    struct gameState G, testG;
        -:   18:
        1:   19:    initializeGame(numOfPlayers, k, randomSeed, &G);
        -:   20:
        1:   21:    memcpy(&testG, &G, sizeof(struct gameState));
        -:   22:
        1:   23:    cardEffect(great_hall, choice1, choice2, choice3, &testG, handpos, &bonus);
        -:   24:
        1:   25:    extraActions = 1;
        -:   26:
        1:   27:    if (testG.numActions == G.numActions + extraActions)
    #####:   28:        printf("Test great hall card : PASS if number of actions for turn = %d.\n", G.numActions + extraActions);
        -:   29:    else
        1:   30:        printf("Test great hall card : FAIL if number of actions for turn != %d.\n", G.numActions + extraActions); 
        -:   31:
        1:   32:    if (testG.handCount[thisPlayer] == G.handCount[thisPlayer])
        1:   33:	printf("Test great hall card : PASS if hand count for player %d = %d.\n", thisPlayer, G.handCount[thisPlayer]);
        -:   34:    else 
    #####:   35:	printf("Test great hall card : FAIL if hand count for player %d != %d.\n", thisPlayer, G.handCount[thisPlayer]);
        1:   36:}
        -:   37:
        1:   38:int main(int argc, char **argv)
        -:   39:{
        1:   40:    testGreatHallCard();
        -:   41:
        1:   42:    return 0;
        -:   43:}
