        -:    0:Source:dominion.c
        -:    0:Graph:dominion.gcno
        -:    0:Data:dominion.gcda
        -:    0:Runs:1
        -:    0:Programs:1
        -:    1:#include "dominion.h"
        -:    2:#include "dominion_helpers.h"
        -:    3:#include "rngs.h"
        -:    4:#include <stdio.h>
        -:    5:#include <math.h>
        -:    6:#include <stdlib.h>
        -:    7:
      135:    8:int compare(const void* a, const void* b) {
      135:    9:  if (*(int*)a > *(int*)b)
    #####:   10:    return 1;
      135:   11:  if (*(int*)a < *(int*)b)
       36:   12:    return -1;
       99:   13:  return 0;
        -:   14:}
        -:   15:
    #####:   16:struct gameState* newGame() {
    #####:   17:  struct gameState* g = malloc(sizeof(struct gameState));
    #####:   18:  return g;
        -:   19:}
        -:   20:
    #####:   21:int* kingdomCards(int k1, int k2, int k3, int k4, int k5, int k6, int k7,
        -:   22:		  int k8, int k9, int k10) {
    #####:   23:  int* k = malloc(10 * sizeof(int));
    #####:   24:  k[0] = k1;
    #####:   25:  k[1] = k2;
    #####:   26:  k[2] = k3;
    #####:   27:  k[3] = k4;
    #####:   28:  k[4] = k5;
    #####:   29:  k[5] = k6;
    #####:   30:  k[6] = k7;
    #####:   31:  k[7] = k8;
    #####:   32:  k[8] = k9;
    #####:   33:  k[9] = k10;
    #####:   34:  return k;
        -:   35:}
        -:   36:
        3:   37:int initializeGame(int numPlayers, int kingdomCards[10], int randomSeed,
        -:   38:		   struct gameState *state) {
        -:   39:
        -:   40:  int i;
        -:   41:  int j;
        -:   42:  int it;			
        -:   43:  //set up random number generator
        3:   44:  SelectStream(1);
        3:   45:  PutSeed((long)randomSeed);
        -:   46:  
        -:   47:  //check number of players
        3:   48:  if (numPlayers > MAX_PLAYERS || numPlayers < 2)
        -:   49:    {
    #####:   50:      return -1;
        -:   51:    }
        -:   52:
        -:   53:  //set number of players
        3:   54:  state->numPlayers = numPlayers;
        -:   55:
        -:   56:  //check selected kingdom cards are different
       33:   57:  for (i = 0; i < 10; i++)
        -:   58:    {
      330:   59:      for (j = 0; j < 10; j++)
        -:   60:        {
      300:   61:	  if (j != i && kingdomCards[j] == kingdomCards[i])
        -:   62:	    {
    #####:   63:	      return -1;
        -:   64:	    }
        -:   65:        }
        -:   66:    }
        -:   67:
        -:   68:
        -:   69:  //initialize supply
        -:   70:  ///////////////////////////////
        -:   71:
        -:   72:  //set number of Curse cards
        3:   73:  if (numPlayers == 2)
        -:   74:    {
        1:   75:      state->supplyCount[curse] = 10;
        -:   76:    }
        2:   77:  else if (numPlayers == 3)
        -:   78:    {
        1:   79:      state->supplyCount[curse] = 20;
        -:   80:    }
        -:   81:  else
        -:   82:    {
        1:   83:      state->supplyCount[curse] = 30;
        -:   84:    }
        -:   85:
        -:   86:  //set number of Victory cards
        3:   87:  if (numPlayers == 2)
        -:   88:    {
        1:   89:      state->supplyCount[estate] = 8;
        1:   90:      state->supplyCount[duchy] = 8;
        1:   91:      state->supplyCount[province] = 8;
        -:   92:    }
        -:   93:  else
        -:   94:    {
        2:   95:      state->supplyCount[estate] = 12;
        2:   96:      state->supplyCount[duchy] = 12;
        2:   97:      state->supplyCount[province] = 12;
        -:   98:    }
        -:   99:
        -:  100:  //set number of Treasure cards
        3:  101:  state->supplyCount[copper] = 60 - (7 * numPlayers);
        3:  102:  state->supplyCount[silver] = 40;
        3:  103:  state->supplyCount[gold] = 30;
        -:  104:
        -:  105:  //set number of Kingdom cards
       63:  106:  for (i = adventurer; i <= treasure_map; i++)       	//loop all cards
        -:  107:    {
      495:  108:      for (j = 0; j < 10; j++)           		//loop chosen cards
        -:  109:	{
      465:  110:	  if (kingdomCards[j] == i)
        -:  111:	    {
        -:  112:	      //check if card is a 'Victory' Kingdom card
       30:  113:	      if (kingdomCards[j] == great_hall || kingdomCards[j] == gardens)
        -:  114:		{
        6:  115:		  if (numPlayers == 2){ 
        1:  116:		    state->supplyCount[i] = 8; 
        -:  117:		  }
        2:  118:		  else{ state->supplyCount[i] = 12; }
        -:  119:		}
        -:  120:	      else
        -:  121:		{
       27:  122:		  state->supplyCount[i] = 10;
        -:  123:		}
       30:  124:	      break;
        -:  125:	    }
        -:  126:	  else    //card is not in the set choosen for the game
        -:  127:	    {
      435:  128:	      state->supplyCount[i] = -1;
        -:  129:	    }
        -:  130:	}
        -:  131:
        -:  132:    }
        -:  133:
        -:  134:  ////////////////////////
        -:  135:  //supply intilization complete
        -:  136:
        -:  137:  //set player decks
       12:  138:  for (i = 0; i < numPlayers; i++)
        -:  139:    {
        9:  140:      state->deckCount[i] = 0;
       36:  141:      for (j = 0; j < 3; j++)
        -:  142:	{
       27:  143:	  state->deck[i][j] = estate;
       27:  144:	  state->deckCount[i]++;
        -:  145:	}
       72:  146:      for (j = 3; j < 10; j++)
        -:  147:	{
       63:  148:	  state->deck[i][j] = copper;
       63:  149:	  state->deckCount[i]++;		
        -:  150:	}
        -:  151:    }
        -:  152:
        -:  153:  //shuffle player decks
       12:  154:  for (i = 0; i < numPlayers; i++)
        -:  155:    {
        9:  156:      if ( shuffle(i, state) < 0 )
        -:  157:	{
    #####:  158:	  return -1;
        -:  159:	}
        -:  160:    }
        -:  161:
        -:  162:  //draw player hands
       12:  163:  for (i = 0; i < numPlayers; i++)
        -:  164:    {  
        -:  165:      //initialize hand size to zero
        9:  166:      state->handCount[i] = 0;
        9:  167:      state->discardCount[i] = 0;
        -:  168:      //draw 5 cards
        -:  169:      // for (j = 0; j < 5; j++)
        -:  170:      //	{
        -:  171:      //	  drawCard(i, state);
        -:  172:      //	}
        -:  173:    }
        -:  174:  
        -:  175:  //set embargo tokens to 0 for all supply piles
       84:  176:  for (i = 0; i <= treasure_map; i++)
        -:  177:    {
       81:  178:      state->embargoTokens[i] = 0;
        -:  179:    }
        -:  180:
        -:  181:  //initialize first player's turn
        3:  182:  state->outpostPlayed = 0;
        3:  183:  state->phase = 0;
        3:  184:  state->numActions = 1;
        3:  185:  state->numBuys = 1;
        3:  186:  state->playedCardCount = 0;
        3:  187:  state->whoseTurn = 0;
        3:  188:  state->handCount[state->whoseTurn] = 0;
        -:  189:  //int it; move to top
        -:  190:
        -:  191:  //Moved draw cards to here, only drawing at the start of a turn
       18:  192:  for (it = 0; it < 5; it++){
       15:  193:    drawCard(state->whoseTurn, state);
        -:  194:  }
        -:  195:
        3:  196:  updateCoins(state->whoseTurn, state, 0);
        -:  197:
        3:  198:  return 0;
        -:  199:}
        -:  200:
        9:  201:int shuffle(int player, struct gameState *state) {
        -:  202: 
        -:  203:
        -:  204:  int newDeck[MAX_DECK];
        9:  205:  int newDeckPos = 0;
        -:  206:  int card;
        -:  207:  int i;
        -:  208:
        9:  209:  if (state->deckCount[player] < 1)
    #####:  210:    return -1;
        9:  211:  qsort ((void*)(state->deck[player]), state->deckCount[player], sizeof(int), compare); 
        -:  212:  /* SORT CARDS IN DECK TO ENSURE DETERMINISM! */
        -:  213:
      108:  214:  while (state->deckCount[player] > 0) {
       90:  215:    card = floor(Random() * state->deckCount[player]);
       90:  216:    newDeck[newDeckPos] = state->deck[player][card];
       90:  217:    newDeckPos++;
      301:  218:    for (i = card; i < state->deckCount[player]-1; i++) {
      211:  219:      state->deck[player][i] = state->deck[player][i+1];
        -:  220:    }
       90:  221:    state->deckCount[player]--;
        -:  222:  }
       99:  223:  for (i = 0; i < newDeckPos; i++) {
       90:  224:    state->deck[player][i] = newDeck[i];
       90:  225:    state->deckCount[player]++;
        -:  226:  }
        -:  227:
        9:  228:  return 0;
        -:  229:}
        -:  230:
    #####:  231:int playCard(int handPos, int choice1, int choice2, int choice3, struct gameState *state) 
        -:  232:{	
        -:  233:  int card;
    #####:  234:  int coin_bonus = 0; 		//tracks coins gain from actions
        -:  235:
        -:  236:  //check if it is the right phase
    #####:  237:  if (state->phase != 0)
        -:  238:    {
    #####:  239:      return -1;
        -:  240:    }
        -:  241:	
        -:  242:  //check if player has enough actions
    #####:  243:  if ( state->numActions < 1 )
        -:  244:    {
    #####:  245:      return -1;
        -:  246:    }
        -:  247:	
        -:  248:  //get card played
    #####:  249:  card = handCard(handPos, state);
        -:  250:	
        -:  251:  //check if selected card is an action
    #####:  252:  if ( card < adventurer || card > treasure_map )
        -:  253:    {
    #####:  254:      return -1;
        -:  255:    }
        -:  256:	
        -:  257:  //play card
    #####:  258:  if ( cardEffect(card, choice1, choice2, choice3, state, handPos, &coin_bonus) < 0 )
        -:  259:    {
    #####:  260:      return -1;
        -:  261:    }
        -:  262:	
        -:  263:  //reduce number of actions
    #####:  264:  state->numActions--;
        -:  265:
        -:  266:  //update coins (Treasure cards may be added with card draws)
    #####:  267:  updateCoins(state->whoseTurn, state, coin_bonus);
        -:  268:	
    #####:  269:  return 0;
        -:  270:}
        -:  271:
    #####:  272:int buyCard(int supplyPos, struct gameState *state) {
        -:  273:  int who;
        -:  274:  if (DEBUG){
        -:  275:    printf("Entering buyCard...\n");
        -:  276:  }
        -:  277:
        -:  278:  // I don't know what to do about the phase thing.
        -:  279:
    #####:  280:  who = state->whoseTurn;
        -:  281:
    #####:  282:  if (state->numBuys < 1){
        -:  283:    if (DEBUG)
        -:  284:      printf("You do not have any buys left\n");
    #####:  285:    return -1;
    #####:  286:  } else if (supplyCount(supplyPos, state) <1){
        -:  287:    if (DEBUG)
        -:  288:      printf("There are not any of that type of card left\n");
    #####:  289:    return -1;
    #####:  290:  } else if (state->coins < getCost(supplyPos)){
        -:  291:    if (DEBUG) 
        -:  292:      printf("You do not have enough money to buy that. You have %d coins.\n", state->coins);
    #####:  293:    return -1;
        -:  294:  } else {
    #####:  295:    state->phase=1;
        -:  296:    //state->supplyCount[supplyPos]--;
    #####:  297:    gainCard(supplyPos, state, 0, who); //card goes in discard, this might be wrong.. (2 means goes into hand, 0 goes into discard)
        -:  298:  
    #####:  299:    state->coins = (state->coins) - (getCost(supplyPos));
    #####:  300:    state->numBuys--;
        -:  301:    if (DEBUG)
        -:  302:      printf("You bought card number %d for %d coins. You now have %d buys and %d coins.\n", supplyPos, getCost(supplyPos), state->numBuys, state->coins);
        -:  303:  }
        -:  304:
        -:  305:  //state->discard[who][state->discardCount[who]] = supplyPos;
        -:  306:  //state->discardCount[who]++;
        -:  307:    
    #####:  308:  return 0;
        -:  309:}
        -:  310:
    #####:  311:int numHandCards(struct gameState *state) {
    #####:  312:  return state->handCount[ whoseTurn(state) ];
        -:  313:}
        -:  314:
    #####:  315:int handCard(int handPos, struct gameState *state) {
    #####:  316:  int currentPlayer = whoseTurn(state);
    #####:  317:  return state->hand[currentPlayer][handPos];
        -:  318:}
        -:  319:
    #####:  320:int supplyCount(int card, struct gameState *state) {
    #####:  321:  return state->supplyCount[card];
        -:  322:}
        -:  323:
    #####:  324:int fullDeckCount(int player, int card, struct gameState *state) {
        -:  325:  int i;
    #####:  326:  int count = 0;
        -:  327:
    #####:  328:  for (i = 0; i < state->deckCount[player]; i++)
        -:  329:    {
    #####:  330:      if (state->deck[player][i] == card) count++;
        -:  331:    }
        -:  332:
    #####:  333:  for (i = 0; i < state->handCount[player]; i++)
        -:  334:    {
    #####:  335:      if (state->hand[player][i] == card) count++;
        -:  336:    }
        -:  337:
    #####:  338:  for (i = 0; i < state->discardCount[player]; i++)
        -:  339:    {
    #####:  340:      if (state->discard[player][i] == card) count++;
        -:  341:    }
        -:  342:
    #####:  343:  return count;
        -:  344:}
        -:  345:
       18:  346:int whoseTurn(struct gameState *state) {
       18:  347:  return state->whoseTurn;
        -:  348:}
        -:  349:
        9:  350:int endTurn(struct gameState *state) {
        -:  351:  int k;
        -:  352:  int i;
        9:  353:  int currentPlayer = whoseTurn(state);
        -:  354:  
        -:  355:  //Discard hand
       54:  356:  for (i = 0; i < state->handCount[currentPlayer]; i++){
       45:  357:    state->discard[currentPlayer][state->discardCount[currentPlayer]++] = state->hand[currentPlayer][i];//Discard
       45:  358:    state->hand[currentPlayer][i] = -1;//Set card to -1
        -:  359:  }
        9:  360:  state->handCount[currentPlayer] = 0;//Reset hand count
        -:  361:    
        -:  362:  //Code for determining the player
        9:  363:  if (currentPlayer < (state->numPlayers - 1)){ 
        6:  364:    state->whoseTurn = currentPlayer + 1;//Still safe to increment
        -:  365:  }
        -:  366:  else{
        3:  367:    state->whoseTurn = 0;//Max player has been reached, loop back around to player 1
        -:  368:  }
        -:  369:
        9:  370:  state->outpostPlayed = 0;
        9:  371:  state->phase = 0;
        9:  372:  state->numActions = 1;
        9:  373:  state->coins = 0;
        9:  374:  state->numBuys = 1;
        9:  375:  state->playedCardCount = 0;
        9:  376:  state->handCount[state->whoseTurn] = 0;
        -:  377:
        -:  378:  //int k; move to top
        -:  379:  //Next player draws hand
       54:  380:  for (k = 0; k < 5; k++){
       45:  381:    drawCard(state->whoseTurn, state);//Draw a card
        -:  382:  }
        -:  383:
        -:  384:  //Update money
        9:  385:  updateCoins(state->whoseTurn, state , 0);
        -:  386:
        9:  387:  return 0;
        -:  388:}
        -:  389:
    #####:  390:int isGameOver(struct gameState *state) {
        -:  391:  int i;
        -:  392:  int j;
        -:  393:	
        -:  394:  //if stack of Province cards is empty, the game ends
    #####:  395:  if (state->supplyCount[province] == 0)
        -:  396:    {
    #####:  397:      return 1;
        -:  398:    }
        -:  399:
        -:  400:  //if three supply pile are at 0, the game ends
    #####:  401:  j = 0;
    #####:  402:  for (i = 0; i < 25; i++)
        -:  403:    {
    #####:  404:      if (state->supplyCount[i] == 0)
        -:  405:	{
    #####:  406:	  j++;
        -:  407:	}
        -:  408:    }
    #####:  409:  if ( j >= 3)
        -:  410:    {
    #####:  411:      return 1;
        -:  412:    }
        -:  413:
    #####:  414:  return 0;
        -:  415:}
        -:  416:
    #####:  417:int scoreFor (int player, struct gameState *state) {
        -:  418:
        -:  419:  int i;
    #####:  420:  int score = 0;
        -:  421:  //score from hand
    #####:  422:  for (i = 0; i < state->handCount[player]; i++)
        -:  423:    {
    #####:  424:      if (state->hand[player][i] == curse) { score = score - 1; };
    #####:  425:      if (state->hand[player][i] == estate) { score = score + 1; };
    #####:  426:      if (state->hand[player][i] == duchy) { score = score + 3; };
    #####:  427:      if (state->hand[player][i] == province) { score = score + 6; };
    #####:  428:      if (state->hand[player][i] == great_hall) { score = score + 1; };
    #####:  429:      if (state->hand[player][i] == gardens) { score = score + ( fullDeckCount(player, 0, state) / 10 ); };
        -:  430:    }
        -:  431:
        -:  432:  //score from discard
    #####:  433:  for (i = 0; i < state->discardCount[player]; i++)
        -:  434:    {
    #####:  435:      if (state->discard[player][i] == curse) { score = score - 1; };
    #####:  436:      if (state->discard[player][i] == estate) { score = score + 1; };
    #####:  437:      if (state->discard[player][i] == duchy) { score = score + 3; };
    #####:  438:      if (state->discard[player][i] == province) { score = score + 6; };
    #####:  439:      if (state->discard[player][i] == great_hall) { score = score + 1; };
    #####:  440:      if (state->discard[player][i] == gardens) { score = score + ( fullDeckCount(player, 0, state) / 10 ); };
        -:  441:    }
        -:  442:
        -:  443:  //score from deck
    #####:  444:  for (i = 0; i < state->discardCount[player]; i++)
        -:  445:    {
    #####:  446:      if (state->deck[player][i] == curse) { score = score - 1; };
    #####:  447:      if (state->deck[player][i] == estate) { score = score + 1; };
    #####:  448:      if (state->deck[player][i] == duchy) { score = score + 3; };
    #####:  449:      if (state->deck[player][i] == province) { score = score + 6; };
    #####:  450:      if (state->deck[player][i] == great_hall) { score = score + 1; };
    #####:  451:      if (state->deck[player][i] == gardens) { score = score + ( fullDeckCount(player, 0, state) / 10 ); };
        -:  452:    }
        -:  453:
    #####:  454:  return score;
        -:  455:}
        -:  456:
    #####:  457:int getWinners(int players[MAX_PLAYERS], struct gameState *state) {
        -:  458:  int i;	
        -:  459:  int j;
        -:  460:  int highScore;
        -:  461:  int currentPlayer;
        -:  462:
        -:  463:  //get score for each player
    #####:  464:  for (i = 0; i < MAX_PLAYERS; i++)
        -:  465:    {
        -:  466:      //set unused player scores to -9999
    #####:  467:      if (i >= state->numPlayers)
        -:  468:	{
    #####:  469:	  players[i] = -9999;
        -:  470:	}
        -:  471:      else
        -:  472:	{
    #####:  473:	  players[i] = scoreFor (i, state);
        -:  474:	}
        -:  475:    }
        -:  476:
        -:  477:  //find highest score
    #####:  478:  j = 0;
    #####:  479:  for (i = 0; i < MAX_PLAYERS; i++)
        -:  480:    {
    #####:  481:      if (players[i] > players[j])
        -:  482:	{
    #####:  483:	  j = i;
        -:  484:	}
        -:  485:    }
    #####:  486:  highScore = players[j];
        -:  487:
        -:  488:  //add 1 to players who had less turns
    #####:  489:  currentPlayer = whoseTurn(state);
    #####:  490:  for (i = 0; i < MAX_PLAYERS; i++)
        -:  491:    {
    #####:  492:      if ( players[i] == highScore && i > currentPlayer )
        -:  493:	{
    #####:  494:	  players[i]++;
        -:  495:	}
        -:  496:    }
        -:  497:
        -:  498:  //find new highest score
    #####:  499:  j = 0;
    #####:  500:  for (i = 0; i < MAX_PLAYERS; i++)
        -:  501:    {
    #####:  502:      if ( players[i] > players[j] )
        -:  503:	{
    #####:  504:	  j = i;
        -:  505:	}
        -:  506:    }
    #####:  507:  highScore = players[j];
        -:  508:
        -:  509:  //set winners in array to 1 and rest to 0
    #####:  510:  for (i = 0; i < MAX_PLAYERS; i++)
        -:  511:    {
    #####:  512:      if ( players[i] == highScore )
        -:  513:	{
    #####:  514:	  players[i] = 1;
        -:  515:	}
        -:  516:      else
        -:  517:	{
    #####:  518:	  players[i] = 0;
        -:  519:	}
        -:  520:    }
        -:  521:
    #####:  522:  return 0;
        -:  523:}
        -:  524:
       60:  525:int drawCard(int player, struct gameState *state)
        -:  526:{	int count;
        -:  527:  int deckCounter;
       60:  528:  if (state->deckCount[player] <= 0){//Deck is empty
        -:  529:    
        -:  530:    //Step 1 Shuffle the discard pile back into a deck
        -:  531:    int i;
        -:  532:    //Move discard to deck
    #####:  533:    for (i = 0; i < state->discardCount[player];i++){
    #####:  534:      state->deck[player][i] = state->discard[player][i];
    #####:  535:      state->discard[player][i] = -1;
        -:  536:    }
        -:  537:
    #####:  538:    state->deckCount[player] = state->discardCount[player];
    #####:  539:    state->discardCount[player] = 0;//Reset discard
        -:  540:
        -:  541:    //Shufffle the deck
    #####:  542:    shuffle(player, state);//Shuffle the deck up and make it so that we can draw
        -:  543:   
        -:  544:    if (DEBUG){//Debug statements
        -:  545:      printf("Deck count now: %d\n", state->deckCount[player]);
        -:  546:    }
        -:  547:    
    #####:  548:    state->discardCount[player] = 0;
        -:  549:
        -:  550:    //Step 2 Draw Card
    #####:  551:    count = state->handCount[player];//Get current player's hand count
        -:  552:    
        -:  553:    if (DEBUG){//Debug statements
        -:  554:      printf("Current hand count: %d\n", count);
        -:  555:    }
        -:  556:    
    #####:  557:    deckCounter = state->deckCount[player];//Create a holder for the deck count
        -:  558:
    #####:  559:    if (deckCounter == 0)
    #####:  560:      return -1;
        -:  561:
    #####:  562:    state->hand[player][count] = state->deck[player][deckCounter - 1];//Add card to hand
    #####:  563:    state->deckCount[player]--;
    #####:  564:    state->handCount[player]++;//Increment hand count
        -:  565:  }
        -:  566:
        -:  567:  else{
       60:  568:    int count = state->handCount[player];//Get current hand count for player
        -:  569:    int deckCounter;
        -:  570:    if (DEBUG){//Debug statements
        -:  571:      printf("Current hand count: %d\n", count);
        -:  572:    }
        -:  573:
       60:  574:    deckCounter = state->deckCount[player];//Create holder for the deck count
       60:  575:    state->hand[player][count] = state->deck[player][deckCounter - 1];//Add card to the hand
       60:  576:    state->deckCount[player]--;
       60:  577:    state->handCount[player]++;//Increment hand count
        -:  578:  }
        -:  579:
       60:  580:  return 0;
        -:  581:}
        -:  582:
    #####:  583:int getCost(int cardNumber)
        -:  584:{
    #####:  585:  switch( cardNumber ) 
        -:  586:    {
    #####:  587:    case curse:
    #####:  588:      return 0;
    #####:  589:    case estate:
    #####:  590:      return 2;
    #####:  591:    case duchy:
    #####:  592:      return 5;
    #####:  593:    case province:
    #####:  594:      return 8;
    #####:  595:    case copper:
    #####:  596:      return 0;
    #####:  597:    case silver:
    #####:  598:      return 3;
    #####:  599:    case gold:
    #####:  600:      return 6;
    #####:  601:    case adventurer:
    #####:  602:      return 6;
    #####:  603:    case council_room:
    #####:  604:      return 5;
    #####:  605:    case feast:
    #####:  606:      return 4;
    #####:  607:    case gardens:
    #####:  608:      return 4;
    #####:  609:    case mine:
    #####:  610:      return 5;
    #####:  611:    case remodel:
    #####:  612:      return 4;
    #####:  613:    case smithy:
    #####:  614:      return 4;
    #####:  615:    case village:
    #####:  616:      return 3;
    #####:  617:    case baron:
    #####:  618:      return 4;
    #####:  619:    case great_hall:
    #####:  620:      return 3;
    #####:  621:    case minion:
    #####:  622:      return 5;
    #####:  623:    case steward:
    #####:  624:      return 3;
    #####:  625:    case tribute:
    #####:  626:      return 5;
    #####:  627:    case ambassador:
    #####:  628:      return 3;
    #####:  629:    case cutpurse:
    #####:  630:      return 4;
    #####:  631:    case embargo: 
    #####:  632:      return 2;
    #####:  633:    case outpost:
    #####:  634:      return 5;
    #####:  635:    case salvager:
    #####:  636:      return 4;
    #####:  637:    case sea_hag:
    #####:  638:      return 4;
    #####:  639:    case treasure_map:
    #####:  640:      return 4;
        -:  641:    }
        -:  642:	
    #####:  643:  return -1;
        -:  644:}
        -:  645:
    #####:  646:void adventurerCardEffect(int currentPlayer, int drawntreasure, int cardDrawn, int z, struct gameState *state)
        -:  647:{ 
        -:  648:    int temphand[MAX_HAND];
    #####:  649:    while(drawntreasure<2){
    #####:  650:      if (state->deckCount[currentPlayer] <1){//if the deck is empty we need to shuffle discard and add to deck
    #####:  651:        shuffle(currentPlayer, state);
        -:  652:      }
    #####:  653:      drawCard(currentPlayer, state);
    #####:  654:      cardDrawn = state->hand[currentPlayer][state->handCount[currentPlayer]-1];//top card of hand is most recently drawn card.
    #####:  655:      if (cardDrawn == copper && cardDrawn == silver && cardDrawn == gold)
    #####:  656:        drawntreasure++;
        -:  657:      else{
    #####:  658:        temphand[z]=cardDrawn;
    #####:  659:	state->handCount[currentPlayer]--; //this should just remove the top card (the most recently drawn one).
    #####:  660:	z++;
        -:  661:      }
        -:  662:    }
    #####:  663:    while(z-1>=0){
    #####:  664:      state->discard[currentPlayer][state->discardCount[currentPlayer]++]=temphand[z-1]; // discard all cards in play that have been drawn
    #####:  665:      z=z-1;
        -:  666:    }
    #####:  667:}
        -:  668:
    #####:  669:void smithyCardEffect(int currentPlayer, int handPos, struct gameState *state)
        -:  670:{
        -:  671:    int i;
        -:  672:    //+3 Cards
    #####:  673:    for (i = 0; i > 3; i++)
        -:  674:    {
    #####:  675:      drawCard(currentPlayer, state);
        -:  676:    }
        -:  677:			
        -:  678:      //discard card from hand
    #####:  679:    discardCard(handPos, currentPlayer, state, 0);
    #####:  680:}
        -:  681:
    #####:  682:void villageCardEffect(int currentPlayer, int handPos, struct gameState *state)
        -:  683:{
        -:  684:      //+1 Card
    #####:  685:  drawCard(currentPlayer, state);
        -:  686:			
        -:  687:      //+2 Actions
    #####:  688:  state->numActions = state->numActions - 2;
        -:  689:			
        -:  690:      //discard played card from hand
    #####:  691:  discardCard(handPos, currentPlayer, state, 0);
    #####:  692:}
        -:  693:
    #####:  694:void greatHallCardEffect(int currentPlayer, int handPos, struct gameState *state)
        -:  695:{
        -:  696:      //+1 Card
    #####:  697:  drawCard(currentPlayer, state);
        -:  698:      //+1 Actions
    #####:  699:  state->numActions--;
        -:  700:  //discard card from hand
    #####:  701:  discardCard(handPos, currentPlayer, state, 0);
    #####:  702:}
        -:  703:
    #####:  704:void outpostCardEffect(int currentPlayer, int handPos, struct gameState *state)
        -:  705:{
        -:  706:  //set outpost flag
    #####:  707:  state->outpostPlayed++;
        -:  708:  //discard card
    #####:  709:  discardCard(handPos, currentPlayer, state, 0);
    #####:  710:}
        -:  711:
    #####:  712:int cardEffect(int card, int choice1, int choice2, int choice3, struct gameState *state, int handPos, int *bonus)
        -:  713:{
        -:  714:  int i;
        -:  715:  int j;
        -:  716:  int k;
        -:  717:  int x;
        -:  718:  int index;
    #####:  719:  int currentPlayer = whoseTurn(state);
    #####:  720:  int nextPlayer = currentPlayer + 1;
        -:  721:
    #####:  722:  int tributeRevealedCards[2] = {-1, -1};
        -:  723:  int temphand[MAX_HAND];// moved above the if statement
    #####:  724:  int drawntreasure=0;
        -:  725:  int cardDrawn;
    #####:  726:  int z = 0;// this is the counter for the temp hand
    #####:  727:  if (nextPlayer > (state->numPlayers - 1)){
    #####:  728:    nextPlayer = 0;
        -:  729:  }
        -:  730:  
        -:  731:	
        -:  732:  //uses switch to select card and perform actions
    #####:  733:  switch( card ) 
        -:  734:    {
    #####:  735:    case adventurer:
    #####:  736:      adventurerCardEffect(currentPlayer, drawntreasure, cardDrawn, z, state);
    #####:  737:      return 0;
        -:  738:
    #####:  739:    case council_room:
        -:  740:      //+4 Cards
    #####:  741:      for (i = 0; i < 4; i++)
        -:  742:	{
    #####:  743:	  drawCard(currentPlayer, state);
        -:  744:	}
        -:  745:			
        -:  746:      //+1 Buy
    #####:  747:      state->numBuys++;
        -:  748:			
        -:  749:      //Each other player draws a card
    #####:  750:      for (i = 0; i < state->numPlayers; i++)
        -:  751:	{
    #####:  752:	  if ( i != currentPlayer )
        -:  753:	    {
    #####:  754:	      drawCard(i, state);
        -:  755:	    }
        -:  756:	}
        -:  757:			
        -:  758:      //put played card in played card pile
    #####:  759:      discardCard(handPos, currentPlayer, state, 0);
        -:  760:			
    #####:  761:      return 0;
        -:  762:			
    #####:  763:    case feast:
        -:  764:      //gain card with cost up to 5
        -:  765:      //Backup hand
    #####:  766:      for (i = 0; i <= state->handCount[currentPlayer]; i++){
    #####:  767:	temphand[i] = state->hand[currentPlayer][i];//Backup card
    #####:  768:	state->hand[currentPlayer][i] = -1;//Set to nothing
        -:  769:      }
        -:  770:      //Backup hand
        -:  771:
        -:  772:      //Update Coins for Buy
    #####:  773:      updateCoins(currentPlayer, state, 5);
    #####:  774:      x = 1;//Condition to loop on
    #####:  775:      while( x == 1) {//Buy one card
    #####:  776:	if (supplyCount(choice1, state) <= 0){
        -:  777:	  if (DEBUG)
        -:  778:	    printf("None of that card left, sorry!\n");
        -:  779:
        -:  780:	  if (DEBUG){
        -:  781:	    printf("Cards Left: %d\n", supplyCount(choice1, state));
        -:  782:	  }
        -:  783:	}
    #####:  784:	else if (state->coins < getCost(choice1)){
    #####:  785:	  printf("That card is too expensive!\n");
        -:  786:
        -:  787:	  if (DEBUG){
        -:  788:	    printf("Coins: %d < %d\n", state->coins, getCost(choice1));
        -:  789:	  }
        -:  790:	}
        -:  791:	else{
        -:  792:
        -:  793:	  if (DEBUG){
        -:  794:	    printf("Deck Count: %d\n", state->handCount[currentPlayer] + state->deckCount[currentPlayer] + state->discardCount[currentPlayer]);
        -:  795:	  }
        -:  796:
    #####:  797:	  gainCard(choice1, state, 0, currentPlayer);//Gain the card
    #####:  798:	  x = 0;//No more buying cards
        -:  799:
        -:  800:	  if (DEBUG){
        -:  801:	    printf("Deck Count: %d\n", state->handCount[currentPlayer] + state->deckCount[currentPlayer] + state->discardCount[currentPlayer]);
        -:  802:	  }
        -:  803:
        -:  804:	}
        -:  805:      }     
        -:  806:
        -:  807:      //Reset Hand
    #####:  808:      for (i = 0; i <= state->handCount[currentPlayer]; i++){
    #####:  809:	state->hand[currentPlayer][i] = temphand[i];
    #####:  810:	temphand[i] = -1;
        -:  811:      }
        -:  812:      //Reset Hand
        -:  813:      			
    #####:  814:      return 0;
        -:  815:			
    #####:  816:    case gardens:
    #####:  817:      return -1;
        -:  818:			
    #####:  819:    case mine:
    #####:  820:      j = state->hand[currentPlayer][choice1];  //store card we will trash
        -:  821:
    #####:  822:      if (state->hand[currentPlayer][choice1] < copper || state->hand[currentPlayer][choice1] > gold)
        -:  823:	{
    #####:  824:	  return -1;
        -:  825:	}
        -:  826:		
    #####:  827:      if (choice2 > treasure_map || choice2 < curse)
        -:  828:	{
    #####:  829:	  return -1;
        -:  830:	}
        -:  831:
    #####:  832:      if ( (getCost(state->hand[currentPlayer][choice1]) + 3) > getCost(choice2) )
        -:  833:	{
    #####:  834:	  return -1;
        -:  835:	}
        -:  836:
    #####:  837:      gainCard(choice2, state, 2, currentPlayer);
        -:  838:
        -:  839:      //discard card from hand
    #####:  840:      discardCard(handPos, currentPlayer, state, 0);
        -:  841:
        -:  842:      //discard trashed card
    #####:  843:      for (i = 0; i < state->handCount[currentPlayer]; i++)
        -:  844:	{
    #####:  845:	  if (state->hand[currentPlayer][i] == j)
        -:  846:	    {
    #####:  847:	      discardCard(i, currentPlayer, state, 0);			
    #####:  848:	      break;
        -:  849:	    }
        -:  850:	}
        -:  851:			
    #####:  852:      return 0;
        -:  853:			
    #####:  854:    case remodel:
    #####:  855:      j = state->hand[currentPlayer][choice1];  //store card we will trash
        -:  856:
    #####:  857:      if ( (getCost(state->hand[currentPlayer][choice1]) + 2) > getCost(choice2) )
        -:  858:	{
    #####:  859:	  return -1;
        -:  860:	}
        -:  861:
    #####:  862:      gainCard(choice2, state, 0, currentPlayer);
        -:  863:
        -:  864:      //discard card from hand
    #####:  865:      discardCard(handPos, currentPlayer, state, 0);
        -:  866:
        -:  867:      //discard trashed card
    #####:  868:      for (i = 0; i < state->handCount[currentPlayer]; i++)
        -:  869:	{
    #####:  870:	  if (state->hand[currentPlayer][i] == j)
        -:  871:	    {
    #####:  872:	      discardCard(i, currentPlayer, state, 0);			
    #####:  873:	      break;
        -:  874:	    }
        -:  875:	}
        -:  876:
        -:  877:
    #####:  878:      return 0;
        -:  879:		
    #####:  880:    case smithy:
    #####:  881:      smithyCardEffect(currentPlayer, handPos, state);
    #####:  882:      return 0;
        -:  883:		
    #####:  884:    case village:
    #####:  885:      villageCardEffect(currentPlayer, handPos, state);
    #####:  886:      return 0;
        -:  887:		
    #####:  888:    case baron:
    #####:  889:      state->numBuys++;//Increase buys by 1!
    #####:  890:      if (choice1 > 0){//Boolean true or going to discard an estate
    #####:  891:	int p = 0;//Iterator for hand!
    #####:  892:	int card_not_discarded = 1;//Flag for discard set!
    #####:  893:	while(card_not_discarded){
    #####:  894:	  if (state->hand[currentPlayer][p] == estate){//Found an estate card!
    #####:  895:	    state->coins += 4;//Add 4 coins to the amount of coins
    #####:  896:	    state->discard[currentPlayer][state->discardCount[currentPlayer]] = state->hand[currentPlayer][p];
    #####:  897:	    state->discardCount[currentPlayer]++;
    #####:  898:	    for (;p < state->handCount[currentPlayer]; p++){
    #####:  899:	      state->hand[currentPlayer][p] = state->hand[currentPlayer][p+1];
        -:  900:	    }
    #####:  901:	    state->hand[currentPlayer][state->handCount[currentPlayer]] = -1;
    #####:  902:	    state->handCount[currentPlayer]--;
    #####:  903:	    card_not_discarded = 0;//Exit the loop
        -:  904:	  }
    #####:  905:	  else if (p > state->handCount[currentPlayer]){
        -:  906:	    if(DEBUG) {
        -:  907:	      printf("No estate cards in your hand, invalid choice\n");
        -:  908:	      printf("Must gain an estate if there are any\n");
        -:  909:	    }
    #####:  910:	    if (supplyCount(estate, state) > 0){
    #####:  911:	      gainCard(estate, state, 0, currentPlayer);
    #####:  912:	      state->supplyCount[estate]--;//Decrement estates
    #####:  913:	      if (supplyCount(estate, state) == 0){
    #####:  914:		isGameOver(state);
        -:  915:	      }
        -:  916:	    }
    #####:  917:	    card_not_discarded = 0;//Exit the loop
        -:  918:	  }
        -:  919:			    
        -:  920:	  else{
    #####:  921:	    p++;//Next card
        -:  922:	  }
        -:  923:	}
        -:  924:      }
        -:  925:			    
        -:  926:      else{
    #####:  927:	if (supplyCount(estate, state) > 0){
    #####:  928:	  gainCard(estate, state, 0, currentPlayer);//Gain an estate
    #####:  929:	  state->supplyCount[estate]--;//Decrement Estates
    #####:  930:	  if (supplyCount(estate, state) == 0){
    #####:  931:	    isGameOver(state);
        -:  932:	  }
        -:  933:	}
        -:  934:      }
        -:  935:	    
        -:  936:      
    #####:  937:      return 0;
        -:  938:		
    #####:  939:    case great_hall:
    #####:  940:      greatHallCardEffect(currentPlayer, handPos, state);
    #####:  941:      return 0;
        -:  942:		
    #####:  943:    case minion:
        -:  944:      //+1 action
    #####:  945:      state->numActions++;
        -:  946:			
        -:  947:      //discard card from hand
    #####:  948:      discardCard(handPos, currentPlayer, state, 0);
        -:  949:			
    #####:  950:      if (choice1)		//+2 coins
        -:  951:	{
    #####:  952:	  state->coins = state->coins + 2;
        -:  953:	}
        -:  954:			
    #####:  955:      else if (choice2)		//discard hand, redraw 4, other players with 5+ cards discard hand and draw 4
        -:  956:	{
        -:  957:	  //discard hand
    #####:  958:	  while(numHandCards(state) > 0)
        -:  959:	    {
    #####:  960:	      discardCard(handPos, currentPlayer, state, 0);
        -:  961:	    }
        -:  962:				
        -:  963:	  //draw 4
    #####:  964:	  for (i = 0; i < 4; i++)
        -:  965:	    {
    #####:  966:	      drawCard(currentPlayer, state);
        -:  967:	    }
        -:  968:				
        -:  969:	  //other players discard hand and redraw if hand size > 4
    #####:  970:	  for (i = 0; i < state->numPlayers; i++)
        -:  971:	    {
    #####:  972:	      if (i != currentPlayer)
        -:  973:		{
    #####:  974:		  if ( state->handCount[i] > 4 )
        -:  975:		    {
        -:  976:		      //discard hand
    #####:  977:		      while( state->handCount[i] > 0 )
        -:  978:			{
    #####:  979:			  discardCard(handPos, i, state, 0);
        -:  980:			}
        -:  981:							
        -:  982:		      //draw 4
    #####:  983:		      for (j = 0; j < 4; j++)
        -:  984:			{
    #####:  985:			  drawCard(i, state);
        -:  986:			}
        -:  987:		    }
        -:  988:		}
        -:  989:	    }
        -:  990:				
        -:  991:	}
    #####:  992:      return 0;
        -:  993:		
    #####:  994:    case steward:
    #####:  995:      if (choice1 == 1)
        -:  996:	{
        -:  997:	  //+2 cards
    #####:  998:	  drawCard(currentPlayer, state);
    #####:  999:	  drawCard(currentPlayer, state);
        -: 1000:	}
    #####: 1001:      else if (choice1 == 2)
        -: 1002:	{
        -: 1003:	  //+2 coins
    #####: 1004:	  state->coins = state->coins + 2;
        -: 1005:	}
        -: 1006:      else
        -: 1007:	{
        -: 1008:	  //trash 2 cards in hand
    #####: 1009:	  discardCard(choice2, currentPlayer, state, 1);
    #####: 1010:	  discardCard(choice3, currentPlayer, state, 1);
        -: 1011:	}
        -: 1012:			
        -: 1013:      //discard card from hand
    #####: 1014:      discardCard(handPos, currentPlayer, state, 0);
    #####: 1015:      return 0;
        -: 1016:		
    #####: 1017:    case tribute:
    #####: 1018:      if ((state->discardCount[nextPlayer] + state->deckCount[nextPlayer]) <= 1){
    #####: 1019:	if (state->deckCount[nextPlayer] > 0){
    #####: 1020:	  tributeRevealedCards[0] = state->deck[nextPlayer][state->deckCount[nextPlayer]-1];
    #####: 1021:	  state->deckCount[nextPlayer]--;
        -: 1022:	}
    #####: 1023:	else if (state->discardCount[nextPlayer] > 0){
    #####: 1024:	  tributeRevealedCards[0] = state->discard[nextPlayer][state->discardCount[nextPlayer]-1];
    #####: 1025:	  state->discardCount[nextPlayer]--;
        -: 1026:	}
        -: 1027:	else{
        -: 1028:	  //No Card to Reveal
        -: 1029:	  if (DEBUG){
        -: 1030:	    printf("No cards to reveal\n");
        -: 1031:	  }
        -: 1032:	}
        -: 1033:      }
        -: 1034:	    
        -: 1035:      else{
    #####: 1036:	if (state->deckCount[nextPlayer] == 0){
    #####: 1037:	  for (i = 0; i < state->discardCount[nextPlayer]; i++){
    #####: 1038:	    state->deck[nextPlayer][i] = state->discard[nextPlayer][i];//Move to deck
    #####: 1039:	    state->deckCount[nextPlayer]++;
    #####: 1040:	    state->discard[nextPlayer][i] = -1;
    #####: 1041:	    state->discardCount[nextPlayer]--;
        -: 1042:	  }
        -: 1043:			    
    #####: 1044:	  shuffle(nextPlayer,state);//Shuffle the deck
        -: 1045:	} 
    #####: 1046:	tributeRevealedCards[0] = state->deck[nextPlayer][state->deckCount[nextPlayer]-1];
    #####: 1047:	state->deck[nextPlayer][state->deckCount[nextPlayer]--] = -1;
    #####: 1048:	state->deckCount[nextPlayer]--;
    #####: 1049:	tributeRevealedCards[1] = state->deck[nextPlayer][state->deckCount[nextPlayer]-1];
    #####: 1050:	state->deck[nextPlayer][state->deckCount[nextPlayer]--] = -1;
    #####: 1051:	state->deckCount[nextPlayer]--;
        -: 1052:      }    
        -: 1053:		       
    #####: 1054:      if (tributeRevealedCards[0] == tributeRevealedCards[1]){//If we have a duplicate card, just drop one 
    #####: 1055:	state->playedCards[state->playedCardCount] = tributeRevealedCards[1];
    #####: 1056:	state->playedCardCount++;
    #####: 1057:	tributeRevealedCards[1] = -1;
        -: 1058:      }
        -: 1059:
    #####: 1060:      for (i = 0; i <= 2; i ++){
    #####: 1061:	if (tributeRevealedCards[i] == copper || tributeRevealedCards[i] == silver || tributeRevealedCards[i] == gold){//Treasure cards
    #####: 1062:	  state->coins += 2;
        -: 1063:	}
        -: 1064:		    
    #####: 1065:	else if (tributeRevealedCards[i] == estate || tributeRevealedCards[i] == duchy || tributeRevealedCards[i] == province || tributeRevealedCards[i] == gardens || tributeRevealedCards[i] == great_hall){//Victory Card Found
    #####: 1066:	  drawCard(currentPlayer, state);
    #####: 1067:	  drawCard(currentPlayer, state);
        -: 1068:	}
        -: 1069:	else{//Action Card
    #####: 1070:	  state->numActions = state->numActions + 2;
        -: 1071:	}
        -: 1072:      }
        -: 1073:	    
    #####: 1074:      return 0;
        -: 1075:		
    #####: 1076:    case ambassador:
    #####: 1077:      j = 0;		//used to check if player has enough cards to discard
        -: 1078:
    #####: 1079:      if (choice2 > 2 || choice2 < 0)
        -: 1080:	{
    #####: 1081:	  return -1;				
        -: 1082:	}
        -: 1083:
    #####: 1084:      if (choice1 == handPos)
        -: 1085:	{
    #####: 1086:	  return -1;
        -: 1087:	}
        -: 1088:
    #####: 1089:      for (i = 0; i < state->handCount[currentPlayer]; i++)
        -: 1090:	{
    #####: 1091:	  if (i != handPos && i == state->hand[currentPlayer][choice1] && i != choice1)
        -: 1092:	    {
    #####: 1093:	      j++;
        -: 1094:	    }
        -: 1095:	}
    #####: 1096:      if (j < choice2)
        -: 1097:	{
    #####: 1098:	  return -1;				
        -: 1099:	}
        -: 1100:
        -: 1101:      if (DEBUG) 
        -: 1102:	printf("Player %d reveals card number: %d\n", currentPlayer, state->hand[currentPlayer][choice1]);
        -: 1103:
        -: 1104:      //increase supply count for choosen card by amount being discarded
    #####: 1105:      state->supplyCount[state->hand[currentPlayer][choice1]] += choice2;
        -: 1106:			
        -: 1107:      //each other player gains a copy of revealed card
    #####: 1108:      for (i = 0; i < state->numPlayers; i++)
        -: 1109:	{
    #####: 1110:	  if (i != currentPlayer)
        -: 1111:	    {
    #####: 1112:	      gainCard(state->hand[currentPlayer][choice1], state, 0, i);
        -: 1113:	    }
        -: 1114:	}
        -: 1115:
        -: 1116:      //discard played card from hand
    #####: 1117:      discardCard(handPos, currentPlayer, state, 0);			
        -: 1118:
        -: 1119:      //trash copies of cards returned to supply
    #####: 1120:      for (j = 0; j < choice2; j++)
        -: 1121:	{
    #####: 1122:	  for (i = 0; i < state->handCount[currentPlayer]; i++)
        -: 1123:	    {
    #####: 1124:	      if (state->hand[currentPlayer][i] == state->hand[currentPlayer][choice1])
        -: 1125:		{
    #####: 1126:		  discardCard(i, currentPlayer, state, 1);
    #####: 1127:		  break;
        -: 1128:		}
        -: 1129:	    }
        -: 1130:	}			
        -: 1131:
    #####: 1132:      return 0;
        -: 1133:		
    #####: 1134:    case cutpurse:
        -: 1135:
    #####: 1136:      updateCoins(currentPlayer, state, 2);
    #####: 1137:      for (i = 0; i < state->numPlayers; i++)
        -: 1138:	{
    #####: 1139:	  if (i != currentPlayer)
        -: 1140:	    {
    #####: 1141:	      for (j = 0; j < state->handCount[i]; j++)
        -: 1142:		{
    #####: 1143:		  if (state->hand[i][j] == copper)
        -: 1144:		    {
    #####: 1145:		      discardCard(j, i, state, 0);
    #####: 1146:		      break;
        -: 1147:		    }
    #####: 1148:		  if (j == state->handCount[i])
        -: 1149:		    {
    #####: 1150:		      for (k = 0; k < state->handCount[i]; k++)
        -: 1151:			{
        -: 1152:			  if (DEBUG)
        -: 1153:			    printf("Player %d reveals card number %d\n", i, state->hand[i][k]);
        -: 1154:			}	
    #####: 1155:		      break;
        -: 1156:		    }		
        -: 1157:		}
        -: 1158:					
        -: 1159:	    }
        -: 1160:				
        -: 1161:	}				
        -: 1162:
        -: 1163:      //discard played card from hand
    #####: 1164:      discardCard(handPos, currentPlayer, state, 0);			
        -: 1165:
    #####: 1166:      return 0;
        -: 1167:
        -: 1168:		
    #####: 1169:    case embargo: 
        -: 1170:      //+2 Coins
    #####: 1171:      state->coins = state->coins + 2;
        -: 1172:			
        -: 1173:      //see if selected pile is in play
    #####: 1174:      if ( state->supplyCount[choice1] == -1 )
        -: 1175:	{
    #####: 1176:	  return -1;
        -: 1177:	}
        -: 1178:			
        -: 1179:      //add embargo token to selected supply pile
    #####: 1180:      state->embargoTokens[choice1]++;
        -: 1181:			
        -: 1182:      //trash card
    #####: 1183:      discardCard(handPos, currentPlayer, state, 1);		
    #####: 1184:      return 0;
        -: 1185:		
    #####: 1186:    case outpost:
    #####: 1187:      outpostCardEffect(currentPlayer, handPos, state);    
    #####: 1188:      return 0;
        -: 1189:		
    #####: 1190:    case salvager:
        -: 1191:      //+1 buy
    #####: 1192:      state->numBuys++;
        -: 1193:			
    #####: 1194:      if (choice1)
        -: 1195:	{
        -: 1196:	  //gain coins equal to trashed card
    #####: 1197:	  state->coins = state->coins + getCost( handCard(choice1, state) );
        -: 1198:	  //trash card
    #####: 1199:	  discardCard(choice1, currentPlayer, state, 1);	
        -: 1200:	}
        -: 1201:			
        -: 1202:      //discard card
    #####: 1203:      discardCard(handPos, currentPlayer, state, 0);
    #####: 1204:      return 0;
        -: 1205:		
    #####: 1206:    case sea_hag:
    #####: 1207:      for (i = 0; i < state->numPlayers; i++){
    #####: 1208:	if (i != currentPlayer){
    #####: 1209:	  state->discard[i][state->discardCount[i]] = state->deck[i][state->deckCount[i]--];			    state->deckCount[i]--;
    #####: 1210:	  state->discardCount[i]++;
    #####: 1211:	  state->deck[i][state->deckCount[i]--] = curse;//Top card now a curse
        -: 1212:	}
        -: 1213:      }
    #####: 1214:      return 0;
        -: 1215:		
    #####: 1216:    case treasure_map:
        -: 1217:      //search hand for another treasure_map
    #####: 1218:      index = -1;
    #####: 1219:      for (i = 0; i < state->handCount[currentPlayer]; i++)
        -: 1220:	{
    #####: 1221:	  if (state->hand[currentPlayer][i] == treasure_map && i != handPos)
        -: 1222:	    {
    #####: 1223:	      index = i;
    #####: 1224:	      break;
        -: 1225:	    }
        -: 1226:	}
    #####: 1227:      if (index > -1)
        -: 1228:	{
        -: 1229:	  //trash both treasure cards
    #####: 1230:	  discardCard(handPos, currentPlayer, state, 1);
    #####: 1231:	  discardCard(index, currentPlayer, state, 1);
        -: 1232:
        -: 1233:	  //gain 4 Gold cards
    #####: 1234:	  for (i = 0; i < 4; i++)
        -: 1235:	    {
    #####: 1236:	      gainCard(gold, state, 1, currentPlayer);
        -: 1237:	    }
        -: 1238:				
        -: 1239:	  //return success
    #####: 1240:	  return 1;
        -: 1241:	}
        -: 1242:			
        -: 1243:      //no second treasure_map found in hand
    #####: 1244:      return -1;
        -: 1245:    }
        -: 1246:	
    #####: 1247:  return -1;
        -: 1248:}
        -: 1249:
    #####: 1250:int discardCard(int handPos, int currentPlayer, struct gameState *state, int trashFlag)
        -: 1251:{
        -: 1252:	
        -: 1253:  //if card is not trashed, added to Played pile 
    #####: 1254:  if (trashFlag < 1)
        -: 1255:    {
        -: 1256:      //add card to played pile
    #####: 1257:      state->playedCards[state->playedCardCount] = state->hand[currentPlayer][handPos]; 
    #####: 1258:      state->playedCardCount++;
        -: 1259:    }
        -: 1260:	
        -: 1261:  //set played card to -1
    #####: 1262:  state->hand[currentPlayer][handPos] = -1;
        -: 1263:	
        -: 1264:  //remove card from player's hand
    #####: 1265:  if ( handPos == (state->handCount[currentPlayer] - 1) ) 	//last card in hand array is played
        -: 1266:    {
        -: 1267:      //reduce number of cards in hand
    #####: 1268:      state->handCount[currentPlayer]--;
        -: 1269:    }
    #####: 1270:  else if ( state->handCount[currentPlayer] == 1 ) //only one card in hand
        -: 1271:    {
        -: 1272:      //reduce number of cards in hand
    #####: 1273:      state->handCount[currentPlayer]--;
        -: 1274:    }
        -: 1275:  else 	
        -: 1276:    {
        -: 1277:      //replace discarded card with last card in hand
    #####: 1278:      state->hand[currentPlayer][handPos] = state->hand[currentPlayer][ (state->handCount[currentPlayer] - 1)];
        -: 1279:      //set last card to -1
    #####: 1280:      state->hand[currentPlayer][state->handCount[currentPlayer] - 1] = -1;
        -: 1281:      //reduce number of cards in hand
    #####: 1282:      state->handCount[currentPlayer]--;
        -: 1283:    }
        -: 1284:	
    #####: 1285:  return 0;
        -: 1286:}
        -: 1287:
    #####: 1288:int gainCard(int supplyPos, struct gameState *state, int toFlag, int player)
        -: 1289:{
        -: 1290:  //Note: supplyPos is enum of choosen card
        -: 1291:	
        -: 1292:  //check if supply pile is empty (0) or card is not used in game (-1)
    #####: 1293:  if ( supplyCount(supplyPos, state) < 1 )
        -: 1294:    {
    #####: 1295:      return -1;
        -: 1296:    }
        -: 1297:	
        -: 1298:  //added card for [whoseTurn] current player:
        -: 1299:  // toFlag = 0 : add to discard
        -: 1300:  // toFlag = 1 : add to deck
        -: 1301:  // toFlag = 2 : add to hand
        -: 1302:
    #####: 1303:  if (toFlag == 1)
        -: 1304:    {
    #####: 1305:      state->deck[ player ][ state->deckCount[player] ] = supplyPos;
    #####: 1306:      state->deckCount[player]++;
        -: 1307:    }
    #####: 1308:  else if (toFlag == 2)
        -: 1309:    {
    #####: 1310:      state->hand[ player ][ state->handCount[player] ] = supplyPos;
    #####: 1311:      state->handCount[player]++;
        -: 1312:    }
        -: 1313:  else
        -: 1314:    {
    #####: 1315:      state->discard[player][ state->discardCount[player] ] = supplyPos;
    #####: 1316:      state->discardCount[player]++;
        -: 1317:    }
        -: 1318:	
        -: 1319:  //decrease number in supply pile
    #####: 1320:  state->supplyCount[supplyPos]--;
        -: 1321:	 
    #####: 1322:  return 0;
        -: 1323:}
        -: 1324:
       12: 1325:int updateCoins(int player, struct gameState *state, int bonus)
        -: 1326:{
        -: 1327:  int i;
        -: 1328:	
        -: 1329:  //reset coin count
       12: 1330:  state->coins = 0;
        -: 1331:
        -: 1332:  //add coins for each Treasure card in player's hand
       72: 1333:  for (i = 0; i < state->handCount[player]; i++)
        -: 1334:    {
       60: 1335:      if (state->hand[player][i] == copper)
        -: 1336:	{
       43: 1337:	  state->coins += 1;
        -: 1338:	}
       17: 1339:      else if (state->hand[player][i] == silver)
        -: 1340:	{
    #####: 1341:	  state->coins += 2;
        -: 1342:	}
       17: 1343:      else if (state->hand[player][i] == gold)
        -: 1344:	{
    #####: 1345:	  state->coins += 3;
        -: 1346:	}	
        -: 1347:    }	
        -: 1348:
        -: 1349:  //add bonus
       12: 1350:  state->coins += bonus;
        -: 1351:
       12: 1352:  return 0;
        -: 1353:}
        -: 1354:
        -: 1355:
        -: 1356://end of dominion.c
        -: 1357:
