        -:    0:Source:unittest2.c
        -:    0:Graph:unittest2.gcno
        -:    0:Data:unittest2.gcda
        -:    0:Runs:1
        -:    0:Programs:1
        -:    1:#include "dominion.h"
        -:    2:#include <stdio.h>
        -:    3:#include "rngs.h"
        -:    4:#include <stdlib.h>
        -:    5:
        1:    6:void testWhoseTurn()
        -:    7:{
        -:    8:    int i, j;
        1:    9:    int randomSeed = 100;
        -:   10:    struct gameState G;
        1:   11:    int k[10] = {adventurer, gardens, embargo, village, minion, mine, cutpurse,
        -:   12:                 sea_hag, tribute, smithy};
        -:   13:
        4:   14:    for (i = 2; i <= MAX_PLAYERS; ++i) {
        3:   15:        initializeGame(i, k, randomSeed, &G);
        3:   16:        printf("Testing if whoseTurn() reports correct turn index (zero based) for %d players.\n", i);
       12:   17:        for (j = 0; j < i; ++j) {
        9:   18:            if (whoseTurn(&G) == j)
        9:   19:                printf("whoseTurn(): PASS if turn equals player %d\n", j);
        -:   20:            else 
    #####:   21:                printf("whoseTurn(): FAIL if turn does not equal %d\n", j);
        9:   22:            endTurn(&G);
        -:   23:        }
        -:   24:    }
        1:   25:}
        -:   26:
        1:   27:int main(int argc, char **argv)
        -:   28:{
        1:   29:    testWhoseTurn();
        -:   30:
        1:   31:    return 0;
        -:   32:}
